<?xml version="1.0" encoding="UTF-8"?>
<!-- Generated by org.testng.reporters.JUnitReportReporter -->
<testsuite hostname="Vishals-MacBook-Air.local" failures="0" tests="5" name="com.OpenCart.Login.TC_LoginPageDDT" time="30.850" errors="0" timestamp="2024-09-06T21:08:03 IST" skipped="0">
  <testcase classname="com.OpenCart.Login.TC_LoginPageDDT" name="LoginDDT" time="6.122"/>
  <system-out/>
  <testcase classname="com.OpenCart.Login.TC_LoginPageDDT" name="LoginDDT" time="8.652"/>
  <system-out/>
  <testcase classname="com.OpenCart.Login.TC_LoginPageDDT" name="LoginDDT" time="6.010"/>
  <system-out/>
  <testcase classname="com.OpenCart.Login.TC_LoginPageDDT" name="LoginDDT" time="4.214"/>
  <system-out/>
  <testcase classname="com.OpenCart.Login.TC_LoginPageDDT" name="LoginDDT" time="5.852"/>
  <system-out/>
</testsuite> <!-- com.OpenCart.Login.TC_LoginPageDDT -->
