<?xml version="1.0" encoding="UTF-8"?>
<!-- Generated by org.testng.reporters.JUnitReportReporter -->
<testsuite hostname="Vishals-MacBook-Air.local" failures="0" tests="1" name="com.OpenCart.Footer.TC_Footer" time="50.755" errors="0" timestamp="2024-09-28T21:00:46 IST" skipped="0">
  <testcase classname="com.OpenCart.Footer.TC_Footer" name="footer" time="50.755"/>
  <system-out/>
</testsuite> <!-- com.OpenCart.Footer.TC_Footer -->
