<?xml version="1.0" encoding="UTF-8"?>
<!-- Generated by org.testng.reporters.JUnitReportReporter -->
<testsuite hostname="Vishals-MacBook-Air.local" failures="0" tests="1" name="com.OpenCart.Register.TC_RegisterPage" time="5.128" errors="0" timestamp="2024-09-28T21:14:35 IST" skipped="0">
  <testcase classname="com.OpenCart.Register.TC_RegisterPage" name="RegisterPage" time="5.128"/>
  <system-out/>
</testsuite> <!-- com.OpenCart.Register.TC_RegisterPage -->
