<?xml version="1.0" encoding="UTF-8"?>
<!-- Generated by org.testng.reporters.JUnitReportReporter -->
<testsuite hostname="Vishals-MacBook-Air.local" failures="0" tests="1" name="com.OpenCart.Header.TC_HeaderSection" time="112.375" errors="0" timestamp="2024-09-28T20:53:21 IST" skipped="0">
  <testcase classname="com.OpenCart.Header.TC_HeaderSection" name="headerSection" time="112.375"/>
  <system-out/>
</testsuite> <!-- com.OpenCart.Header.TC_HeaderSection -->
