<?xml version="1.0" encoding="UTF-8"?>
<!-- Generated by org.testng.reporters.JUnitReportReporter -->
<testsuite hostname="Vishals-MacBook-Air.local" failures="0" tests="1" name="com.OpenCart.Init.SeleniumInit" time="0.032" errors="0" timestamp="2024-09-03T12:30:53 IST" skipped="0">
  <testcase classname="com.OpenCart.Init.SeleniumInit" name="test" time="0.032"/>
  <system-out/>
</testsuite> <!-- com.OpenCart.Init.SeleniumInit -->
