<?xml version="1.0" encoding="UTF-8"?>
<!-- Generated by org.testng.reporters.JUnitReportReporter -->
<testsuite hostname="Vishals-MacBook-Air.local" failures="0" tests="1" name="com.OpenCart.Register.TC_RegisterPage" time="3.977" errors="0" timestamp="2024-09-18T20:58:33 IST" skipped="0">
  <testcase classname="com.OpenCart.Register.TC_RegisterPage" name="RegisterPage" time="3.977"/>
  <system-out/>
</testsuite> <!-- com.OpenCart.Register.TC_RegisterPage -->
