<?xml version="1.0" encoding="UTF-8"?>
<!-- Generated by org.testng.reporters.JUnitReportReporter -->
<testsuite hostname="Vishals-MacBook-Air.local" failures="0" tests="1" name="com.OpenCart.Footer.TC_Footer" time="50.769" errors="0" timestamp="2024-09-19T11:42:06 IST" skipped="0">
  <testcase classname="com.OpenCart.Footer.TC_Footer" name="footer" time="50.769"/>
  <system-out/>
</testsuite> <!-- com.OpenCart.Footer.TC_Footer -->
