<?xml version="1.0" encoding="UTF-8"?>
<!-- Generated by org.testng.reporters.JUnitReportReporter -->
<testsuite hostname="Vishals-MacBook-Air.local" failures="0" tests="1" name="com.OpenCart.HomePage.TC_HomePage" time="90.445" errors="0" timestamp="2024-09-28T20:43:13 IST" skipped="0">
  <testcase classname="com.OpenCart.HomePage.TC_HomePage" name="HomePage" time="90.445"/>
  <system-out/>
</testsuite> <!-- com.OpenCart.HomePage.TC_HomePage -->
