<?xml version="1.0" encoding="UTF-8"?>
<!-- Generated by org.testng.reporters.JUnitReportReporter -->
<testsuite hostname="Vishals-MacBook-Air.local" failures="0" tests="1" name="com.OpenCart.Login.TC_LoginPage" time="1.378" errors="0" timestamp="2024-09-18T20:58:33 IST" skipped="0">
  <testcase classname="com.OpenCart.Login.TC_LoginPage" name="LoginPage" time="1.378"/>
  <system-out/>
</testsuite> <!-- com.OpenCart.Login.TC_LoginPage -->
