<?xml version="1.0" encoding="UTF-8"?>
<!-- Generated by org.testng.reporters.JUnitReportReporter -->
<testsuite hostname="Vishals-MacBook-Air.local" failures="0" tests="1" name="com.OpenCart.Footer.TC_Footer" time="62.586" errors="0" timestamp="2024-09-15T01:29:08 IST" skipped="0">
  <testcase classname="com.OpenCart.Footer.TC_Footer" name="footer" time="62.586"/>
  <system-out/>
</testsuite> <!-- com.OpenCart.Footer.TC_Footer -->
