<?xml version="1.0" encoding="UTF-8"?>
<!-- Generated by org.testng.reporters.JUnitReportReporter -->
<testsuite hostname="Vishals-MacBook-Air.local" failures="0" tests="1" name="com.OpenCart.Header.TC_HeaderSection" time="107.725" errors="0" timestamp="2024-09-15T23:26:51 IST" skipped="0">
  <testcase classname="com.OpenCart.Header.TC_HeaderSection" name="headerSection" time="107.725"/>
</testsuite> <!-- com.OpenCart.Header.TC_HeaderSection -->
