<?xml version="1.0" encoding="UTF-8"?>
<!-- Generated by org.testng.reporters.JUnitReportReporter -->
<testsuite hostname="Vishals-MacBook-Air.local" failures="0" tests="5" name="com.OpenCart.Login.TC_LoginPageDDT" time="26.909" errors="0" timestamp="2024-09-08T15:25:30 IST" skipped="0">
  <testcase classname="com.OpenCart.Login.TC_LoginPageDDT" name="LoginDDT" time="8.320"/>
  <testcase classname="com.OpenCart.Login.TC_LoginPageDDT" name="LoginDDT" time="4.975"/>
  <testcase classname="com.OpenCart.Login.TC_LoginPageDDT" name="LoginDDT" time="4.215"/>
  <testcase classname="com.OpenCart.Login.TC_LoginPageDDT" name="LoginDDT" time="4.557"/>
  <testcase classname="com.OpenCart.Login.TC_LoginPageDDT" name="LoginDDT" time="4.842"/>
</testsuite> <!-- com.OpenCart.Login.TC_LoginPageDDT -->
