<?xml version="1.0" encoding="UTF-8"?>
<!-- Generated by org.testng.reporters.JUnitReportReporter -->
<testsuite hostname="Vishals-MacBook-Air.local" failures="0" tests="1" name="com.OpenCart.Login.TC_LoginPage" time="4.687" errors="0" timestamp="2024-09-07T23:36:32 IST" skipped="0">
  <testcase classname="com.OpenCart.Login.TC_LoginPage" name="LoginPage" time="4.687"/>
</testsuite> <!-- com.OpenCart.Login.TC_LoginPage -->
